<?xml version="1.0" encoding="UTF-8"?>
<!-- Generated by org.testng.reporters.JUnitReportReporter -->
<testsuite hostname="LTIN513366" failures="0" tests="1" name="testCases.TC_002_Language_Learning" time="57.774" errors="0" timestamp="2024-11-05T14:13:12 IST" skipped="0">
  <testcase classname="testCases.TC_002_Language_Learning" name="selectingLanguages" time="57.774"/>
  <system-out/>
</testsuite> <!-- testCases.TC_002_Language_Learning -->
