<?xml version="1.0" encoding="UTF-8"?>
<!-- Generated by org.testng.reporters.JUnitReportReporter -->
<testsuite hostname="LTIN513366" failures="0" tests="1" name="testCases.TC_001_SearchForWebDevelopmentCourses" time="57.669" errors="0" timestamp="2024-11-05T14:20:48 IST" skipped="0">
  <testcase classname="testCases.TC_001_SearchForWebDevelopmentCourses" name="SearchForWebDevelopmentCourses" time="57.669"/>
  <system-out/>
</testsuite> <!-- testCases.TC_001_SearchForWebDevelopmentCourses -->
